2023-11-25T13:34:21: PM2 log: ===============================================================================
2023-11-25T13:34:21: PM2 log: --- New PM2 Daemon started ----------------------------------------------------
2023-11-25T13:34:21: PM2 log: Time                 : Sat Nov 25 2023 13:34:21 GMT-0500 (Eastern Standard Time)
2023-11-25T13:34:21: PM2 log: PM2 version          : 5.3.0
2023-11-25T13:34:21: PM2 log: Node.js version      : 20.10.0
2023-11-25T13:34:21: PM2 log: Current arch         : x64
2023-11-25T13:34:21: PM2 log: PM2 home             : xxx/.pm2
2023-11-25T13:34:21: PM2 log: PM2 PID file         : C:\Users\mecia\Desktop\openspace_reward_bot\wax-nftsale-bot\xxx\.pm2\pm2.pid
2023-11-25T13:34:21: PM2 log: RPC socket file      : \\.\pipe\rpc.sock
2023-11-25T13:34:21: PM2 log: BUS socket file      : \\.\pipe\pub.sock
2023-11-25T13:34:21: PM2 log: Application log path : C:\Users\mecia\Desktop\openspace_reward_bot\wax-nftsale-bot\xxx\.pm2\logs
2023-11-25T13:34:21: PM2 log: Worker Interval      : 30000
2023-11-25T13:34:21: PM2 log: Process dump file    : C:\Users\mecia\Desktop\openspace_reward_bot\wax-nftsale-bot\xxx\.pm2\dump.pm2
2023-11-25T13:34:21: PM2 log: Concurrent actions   : 2
2023-11-25T13:34:21: PM2 log: SIGTERM timeout      : 1600
2023-11-25T13:34:21: PM2 log: ===============================================================================
2023-11-25T13:35:55: PM2 log: App [npm-cli:0] starting in -fork mode-
2023-11-25T13:35:55: PM2 log: App [npm-cli:0] online
2023-11-25T13:36:01: PM2 log: App [npm-cli:0] exited with code [3221225786] via signal [SIGINT]
2023-11-25T13:36:01: PM2 log: App [npm-cli:0] starting in -fork mode-
2023-11-25T13:36:01: PM2 log: App [npm-cli:0] online
2023-11-25T13:36:14: PM2 log: Stopping app:npm-cli id:0
2023-11-25T13:36:14: PM2 log: App [npm-cli:0] exited with code [1] via signal [SIGINT]
2023-11-25T13:36:14: PM2 log: pid=26260 msg=process killed
2023-11-25T13:38:37: PM2 log: App [pm2-npm:1] starting in -fork mode-
2023-11-25T13:38:37: PM2 log: App [pm2-npm:1] online
2023-11-25T13:39:39: PM2 log: Stopping app:pm2-npm id:1
2023-11-25T13:39:39: PM2 log: App [pm2-npm:1] exited with code [1] via signal [SIGINT]
2023-11-25T13:39:40: PM2 log: pid=26504 msg=process killed
2023-11-25T13:39:43: PM2 log: App [pm2-npm:0] starting in -fork mode-
2023-11-25T13:39:43: PM2 log: App [pm2-npm:0] online
2023-11-25T13:40:55: PM2 log: App [pm2-npm:1] starting in -fork mode-
2023-11-25T13:40:55: PM2 log: App [pm2-npm:1] online
2023-11-25T13:41:04: PM2 log: Stopping app:pm2-npm id:0
2023-11-25T13:41:04: PM2 log: Stopping app:pm2-npm id:1
2023-11-25T13:41:04: PM2 log: App [pm2-npm:0] exited with code [1] via signal [SIGINT]
2023-11-25T13:41:04: PM2 log: App [pm2-npm:1] exited with code [1] via signal [SIGINT]
2023-11-25T13:41:05: PM2 log: pid=20556 msg=process killed
2023-11-25T13:41:05: PM2 log: pid=13000 msg=process killed
2023-11-25T13:41:33: PM2 log: App [pm2-npm:0] starting in -fork mode-
2023-11-25T13:41:33: PM2 log: App [pm2-npm:0] online
2023-11-26T09:27:56: PM2 log: ===============================================================================
2023-11-26T09:27:56: PM2 log: --- New PM2 Daemon started ----------------------------------------------------
2023-11-26T09:27:56: PM2 log: Time                 : Sun Nov 26 2023 09:27:56 GMT-0500 (Eastern Standard Time)
2023-11-26T09:27:56: PM2 log: PM2 version          : 5.3.0
2023-11-26T09:27:56: PM2 log: Node.js version      : 20.10.0
2023-11-26T09:27:56: PM2 log: Current arch         : x64
2023-11-26T09:27:56: PM2 log: PM2 home             : xxx/.pm2
2023-11-26T09:27:56: PM2 log: PM2 PID file         : C:\Users\mecia\Desktop\openspace_reward_bot2\wax-nftsale-bot\xxx\.pm2\pm2.pid
2023-11-26T09:27:56: PM2 log: RPC socket file      : \\.\pipe\rpc.sock
2023-11-26T09:27:56: PM2 log: BUS socket file      : \\.\pipe\pub.sock
2023-11-26T09:27:56: PM2 log: Application log path : C:\Users\mecia\Desktop\openspace_reward_bot2\wax-nftsale-bot\xxx\.pm2\logs
2023-11-26T09:27:56: PM2 log: Worker Interval      : 30000
2023-11-26T09:27:56: PM2 log: Process dump file    : C:\Users\mecia\Desktop\openspace_reward_bot2\wax-nftsale-bot\xxx\.pm2\dump.pm2
2023-11-26T09:27:56: PM2 log: Concurrent actions   : 2
2023-11-26T09:27:56: PM2 log: SIGTERM timeout      : 1600
2023-11-26T09:27:56: PM2 log: ===============================================================================
2023-11-26T09:27:58: PM2 log: App [pm2-npm:0] starting in -fork mode-
2023-11-26T09:27:58: PM2 log: App [pm2-npm:0] online
2023-11-26T09:28:19: PM2 log: App [pm2-npm:1] starting in -fork mode-
2023-11-26T09:28:19: PM2 log: App [pm2-npm:1] online
2023-11-27T16:39:40: PM2 log: App [pm2-npm:1] exited with code [1073807364] via signal [SIGINT]
2023-11-27T16:39:40: PM2 log: App [pm2-npm:1] starting in -fork mode-
2023-11-27T16:39:40: PM2 log: App [pm2-npm:1] online
2023-11-27T16:39:40: PM2 log: App [pm2-npm:1] exited with code [3221226091] via signal [SIGINT]
2023-11-27T16:39:40: PM2 log: App [pm2-npm:1] starting in -fork mode-
2023-11-27T16:39:40: PM2 log: App [pm2-npm:1] online
2023-11-27T16:39:40: PM2 error: Error caught while calling pidusage
2023-11-27T16:39:40: PM2 error: Error: pidusage wmic command exited with code 3221225794
2023-11-27T16:39:40: PM2 log: App [pm2-npm:1] exited with code [3221226091] via signal [SIGINT]
2023-11-27T16:39:40: PM2 log: App [pm2-npm:1] starting in -fork mode-
2023-11-27T16:39:40: PM2 log: App [pm2-npm:1] online
2023-11-27T16:39:41: PM2 log: App [pm2-npm:1] exited with code [3221226091] via signal [SIGINT]
2023-11-27T16:39:41: PM2 error: Cancelling versioning data parsing
2023-11-27T16:39:41: PM2 log: App [pm2-npm:1] starting in -fork mode-
2023-11-27T16:39:41: PM2 log: App [pm2-npm:1] online
2023-11-27T16:39:41: PM2 log: App [pm2-npm:1] exited with code [3221226091] via signal [SIGINT]
2023-11-27T16:39:41: PM2 log: App [pm2-npm:1] starting in -fork mode-
2023-11-27T16:39:41: PM2 log: App [pm2-npm:1] online
2023-11-27T16:39:41: PM2 log: App [pm2-npm:1] exited with code [3221226091] via signal [SIGINT]
2023-11-27T16:39:41: PM2 log: App [pm2-npm:1] starting in -fork mode-
2023-11-27T16:39:41: PM2 log: App [pm2-npm:1] online
2023-11-27T16:39:41: PM2 log: App [pm2-npm:1] exited with code [3221226091] via signal [SIGINT]
2023-11-27T16:39:41: PM2 log: App [pm2-npm:1] starting in -fork mode-
2023-11-27T16:39:41: PM2 log: App [pm2-npm:1] online
2023-11-27T16:39:41: PM2 log: App [pm2-npm:1] exited with code [3221226091] via signal [SIGINT]
2023-11-27T16:39:41: PM2 log: App [pm2-npm:1] starting in -fork mode-
2023-11-27T16:39:41: PM2 log: App [pm2-npm:1] online
2023-11-27T16:39:41: PM2 log: App [pm2-npm:1] exited with code [3221226091] via signal [SIGINT]
2023-11-27T16:39:41: PM2 log: App [pm2-npm:1] starting in -fork mode-
2023-11-27T16:39:41: PM2 log: App [pm2-npm:1] online
2023-11-27T16:39:41: PM2 log: App [pm2-npm:1] exited with code [3221226091] via signal [SIGINT]
2023-11-27T16:39:41: PM2 log: App [pm2-npm:1] starting in -fork mode-
2023-11-27T16:39:41: PM2 log: App [pm2-npm:1] online
2023-11-27T16:39:41: PM2 log: App [pm2-npm:1] exited with code [3221226091] via signal [SIGINT]
2023-11-27T16:39:41: PM2 log: App [pm2-npm:1] starting in -fork mode-
2023-11-27T16:39:41: PM2 log: App [pm2-npm:1] online
2023-11-27T16:39:41: PM2 log: App [pm2-npm:1] exited with code [3221226091] via signal [SIGINT]
2023-11-27T16:39:41: PM2 log: App [pm2-npm:1] starting in -fork mode-
2023-11-27T16:39:41: PM2 log: App [pm2-npm:1] online
2023-11-27T16:39:41: PM2 log: App [pm2-npm:1] exited with code [3221226091] via signal [SIGINT]
2023-11-27T16:39:41: PM2 log: App [pm2-npm:1] starting in -fork mode-
2023-11-27T16:39:41: PM2 log: App [pm2-npm:1] online
2023-11-27T16:39:41: PM2 log: App [pm2-npm:1] exited with code [3221226091] via signal [SIGINT]
2023-11-27T16:39:41: PM2 log: App [pm2-npm:1] starting in -fork mode-
2023-11-27T16:39:41: PM2 log: App [pm2-npm:1] online
2023-11-27T16:39:41: PM2 log: App [pm2-npm:1] exited with code [3221226091] via signal [SIGINT]
2023-11-27T16:39:41: PM2 log: App [pm2-npm:1] starting in -fork mode-
2023-11-27T16:39:41: PM2 log: App [pm2-npm:1] online
2023-11-27T16:39:41: PM2 log: App [pm2-npm:1] exited with code [3221226091] via signal [SIGINT]
2023-11-27T16:39:41: PM2 log: App [pm2-npm:1] starting in -fork mode-
2023-11-27T16:39:41: PM2 log: App [pm2-npm:1] online
2023-11-27T16:39:41: PM2 log: App [pm2-npm:1] exited with code [3221226091] via signal [SIGINT]
2023-11-27T16:39:41: PM2 log: App [pm2-npm:1] starting in -fork mode-
2023-11-27T16:39:41: PM2 log: App [pm2-npm:1] online
2023-11-27T16:39:41: PM2 log: App [pm2-npm:1] exited with code [3221226091] via signal [SIGINT]
2023-11-27T16:39:41: PM2 log: App [pm2-npm:1] starting in -fork mode-
2023-11-27T16:39:41: PM2 log: App [pm2-npm:1] online
2023-11-27T16:39:41: PM2 log: App [pm2-npm:1] exited with code [3221226091] via signal [SIGINT]
2023-11-27T16:39:41: PM2 log: App [pm2-npm:1] starting in -fork mode-
2023-11-27T16:39:41: PM2 log: App [pm2-npm:1] online
2023-11-27T16:39:41: PM2 log: App [pm2-npm:1] exited with code [3221226091] via signal [SIGINT]
2023-11-27T16:39:41: PM2 log: App [pm2-npm:1] starting in -fork mode-
2023-11-27T16:39:41: PM2 log: App [pm2-npm:1] online
2023-11-27T16:39:41: PM2 log: App [pm2-npm:1] exited with code [3221226091] via signal [SIGINT]
2023-11-27T16:39:41: PM2 log: App [pm2-npm:1] starting in -fork mode-
2023-11-27T16:39:41: PM2 log: App [pm2-npm:1] online
2023-11-27T16:39:41: PM2 log: App [pm2-npm:1] exited with code [3221226091] via signal [SIGINT]
2023-11-27T16:39:41: PM2 log: App [pm2-npm:1] starting in -fork mode-
2023-11-27T16:39:41: PM2 log: App [pm2-npm:1] online
2023-11-27T16:39:41: PM2 log: App [pm2-npm:1] exited with code [3221226091] via signal [SIGINT]
2023-11-27T16:39:41: PM2 log: App [pm2-npm:1] starting in -fork mode-
2023-11-27T16:39:41: PM2 log: App [pm2-npm:1] online
2023-11-27T16:39:41: PM2 log: App [pm2-npm:1] exited with code [3221226091] via signal [SIGINT]
2023-11-27T16:39:41: PM2 log: App [pm2-npm:1] starting in -fork mode-
2023-11-27T16:39:41: PM2 log: App [pm2-npm:1] online
2023-11-27T16:39:41: PM2 log: App [pm2-npm:1] exited with code [3221226091] via signal [SIGINT]
2023-11-27T16:39:41: PM2 log: App [pm2-npm:1] starting in -fork mode-
2023-11-27T16:39:41: PM2 log: App [pm2-npm:1] online
2023-11-27T16:39:41: PM2 log: App [pm2-npm:1] exited with code [3221226091] via signal [SIGINT]
2023-11-27T16:39:41: PM2 log: App [pm2-npm:1] starting in -fork mode-
2023-11-27T16:39:41: PM2 log: App [pm2-npm:1] online
2023-11-27T16:39:41: PM2 log: App [pm2-npm:1] exited with code [3221226091] via signal [SIGINT]
2023-11-27T16:39:41: PM2 log: App [pm2-npm:1] starting in -fork mode-
2023-11-27T16:39:41: PM2 log: App [pm2-npm:1] online
2023-11-27T16:39:41: PM2 log: App [pm2-npm:1] exited with code [3221226091] via signal [SIGINT]
2023-11-27T16:39:41: PM2 log: App [pm2-npm:1] starting in -fork mode-
2023-11-27T16:39:41: PM2 log: App [pm2-npm:1] online
2023-11-27T16:39:41: PM2 log: App [pm2-npm:1] exited with code [3221226091] via signal [SIGINT]
2023-11-27T16:39:41: PM2 log: App [pm2-npm:1] starting in -fork mode-
2023-11-27T16:39:41: PM2 log: App [pm2-npm:1] online
2023-11-27T16:39:41: PM2 log: App [pm2-npm:1] exited with code [3221226091] via signal [SIGINT]
2023-11-27T16:39:41: PM2 log: App [pm2-npm:1] starting in -fork mode-
2023-11-27T16:39:41: PM2 log: App [pm2-npm:1] online
2023-11-27T16:39:41: PM2 log: App [pm2-npm:1] exited with code [3221226091] via signal [SIGINT]
2023-11-27T16:39:41: PM2 log: App [pm2-npm:1] starting in -fork mode-
2023-11-27T16:39:41: PM2 log: App [pm2-npm:1] online
2023-11-27T16:39:41: PM2 log: App [pm2-npm:1] exited with code [3221226091] via signal [SIGINT]
2023-11-27T16:39:41: PM2 log: App [pm2-npm:1] starting in -fork mode-
2023-11-27T16:39:41: PM2 log: App [pm2-npm:1] online
2023-11-27T16:39:41: PM2 log: App [pm2-npm:1] exited with code [3221226091] via signal [SIGINT]
2023-11-27T16:39:41: PM2 log: App [pm2-npm:1] starting in -fork mode-
2023-11-27T16:39:41: PM2 log: App [pm2-npm:1] online
2023-11-27T16:39:41: PM2 log: App [pm2-npm:1] exited with code [3221226091] via signal [SIGINT]
2023-11-27T16:39:41: PM2 log: App [pm2-npm:1] starting in -fork mode-
2023-11-27T16:39:41: PM2 log: App [pm2-npm:1] online
2023-11-27T16:39:41: PM2 log: App [pm2-npm:1] exited with code [3221226091] via signal [SIGINT]
2023-11-27T16:39:41: PM2 log: App [pm2-npm:1] starting in -fork mode-
2023-11-27T16:39:41: PM2 log: App [pm2-npm:1] online
2023-11-27T16:39:41: PM2 log: App [pm2-npm:1] exited with code [3221226091] via signal [SIGINT]
2023-11-27T16:39:41: PM2 log: App [pm2-npm:1] starting in -fork mode-
2023-11-27T16:39:41: PM2 log: App [pm2-npm:1] online
2023-11-27T16:39:41: PM2 log: App [pm2-npm:1] exited with code [3221226091] via signal [SIGINT]
2023-11-27T16:39:41: PM2 log: App [pm2-npm:1] starting in -fork mode-
2023-11-27T16:39:41: PM2 log: App [pm2-npm:1] online
2023-11-27T16:39:41: PM2 log: App [pm2-npm:1] exited with code [3221226091] via signal [SIGINT]
2023-11-27T16:39:41: PM2 log: App [pm2-npm:1] starting in -fork mode-
2023-11-27T16:39:41: PM2 log: App [pm2-npm:1] online
2023-11-27T16:39:41: PM2 log: App [pm2-npm:1] exited with code [3221226091] via signal [SIGINT]
2023-11-27T16:39:41: PM2 log: App [pm2-npm:1] starting in -fork mode-
2023-11-27T16:39:41: PM2 log: App [pm2-npm:1] online
2023-11-27T16:39:41: PM2 log: App [pm2-npm:1] exited with code [3221226091] via signal [SIGINT]
2023-11-27T16:39:41: PM2 log: App [pm2-npm:1] starting in -fork mode-
2023-11-27T16:39:41: PM2 log: App [pm2-npm:1] online
2023-11-27T16:39:41: PM2 log: App [pm2-npm:1] exited with code [3221226091] via signal [SIGINT]
2023-11-27T16:39:41: PM2 log: App [pm2-npm:1] starting in -fork mode-
2023-11-27T16:39:41: PM2 log: App [pm2-npm:1] online
2023-11-27T16:39:41: PM2 log: App [pm2-npm:1] exited with code [3221226091] via signal [SIGINT]
2023-11-27T16:39:41: PM2 log: App [pm2-npm:1] starting in -fork mode-
2023-11-27T16:39:41: PM2 log: App [pm2-npm:1] online
2023-11-27T16:39:41: PM2 log: App [pm2-npm:1] exited with code [3221226091] via signal [SIGINT]
2023-11-27T16:39:41: PM2 log: App [pm2-npm:1] starting in -fork mode-
2023-11-27T16:39:41: PM2 log: App [pm2-npm:1] online
2023-11-27T16:39:41: PM2 log: App [pm2-npm:1] exited with code [3221226091] via signal [SIGINT]
2023-11-27T16:39:41: PM2 log: App [pm2-npm:1] starting in -fork mode-
2023-11-27T16:39:41: PM2 log: App [pm2-npm:1] online
2023-11-27T16:39:41: PM2 log: App [pm2-npm:1] exited with code [3221226091] via signal [SIGINT]
2023-11-27T16:39:41: PM2 log: App [pm2-npm:1] starting in -fork mode-
2023-11-27T16:39:41: PM2 log: App [pm2-npm:1] online
2023-11-27T16:39:41: PM2 log: App [pm2-npm:1] exited with code [3221226091] via signal [SIGINT]
2023-11-27T16:39:41: PM2 log: App [pm2-npm:1] starting in -fork mode-
2023-11-27T16:39:41: PM2 log: App [pm2-npm:1] online
2023-11-27T16:39:41: PM2 log: App [pm2-npm:1] exited with code [3221226091] via signal [SIGINT]
2023-11-27T16:39:41: PM2 log: App [pm2-npm:1] starting in -fork mode-
2023-11-27T16:39:41: PM2 log: App [pm2-npm:1] online
2023-11-27T16:39:41: PM2 log: App [pm2-npm:1] exited with code [3221226091] via signal [SIGINT]
2023-11-27T16:39:41: PM2 log: App [pm2-npm:1] starting in -fork mode-
2023-11-27T16:39:41: PM2 log: App [pm2-npm:1] online
2023-11-27T16:39:41: PM2 log: App [pm2-npm:1] exited with code [3221226091] via signal [SIGINT]
2023-11-27T16:39:41: PM2 log: App [pm2-npm:1] starting in -fork mode-
2023-11-27T16:39:41: PM2 log: App [pm2-npm:1] online
2023-11-27T16:39:41: PM2 log: App [pm2-npm:1] exited with code [3221226091] via signal [SIGINT]
2023-11-27T16:39:41: PM2 log: App [pm2-npm:1] starting in -fork mode-
2023-11-27T16:39:41: PM2 log: App [pm2-npm:1] online
2023-11-27T16:39:41: PM2 log: App [pm2-npm:1] exited with code [3221226091] via signal [SIGINT]
2023-11-27T16:39:41: PM2 log: App [pm2-npm:1] starting in -fork mode-
2023-11-27T16:39:41: PM2 log: App [pm2-npm:1] online
2023-11-27T16:39:41: PM2 log: App [pm2-npm:1] exited with code [3221226091] via signal [SIGINT]
2023-11-27T16:39:41: PM2 log: App [pm2-npm:1] starting in -fork mode-
2023-11-27T16:39:41: PM2 log: App [pm2-npm:1] online
2023-11-27T16:39:41: PM2 log: App [pm2-npm:1] exited with code [3221226091] via signal [SIGINT]
2023-11-27T16:39:41: PM2 log: App [pm2-npm:1] starting in -fork mode-
2023-11-27T16:39:41: PM2 log: App [pm2-npm:1] online
2023-11-27T16:39:41: PM2 log: App [pm2-npm:1] exited with code [3221226091] via signal [SIGINT]
2023-11-27T16:39:41: PM2 log: App [pm2-npm:1] starting in -fork mode-
2023-11-27T16:39:41: PM2 log: App [pm2-npm:1] online
2023-11-27T16:39:41: PM2 log: App [pm2-npm:1] exited with code [3221226091] via signal [SIGINT]
2023-11-27T16:39:41: PM2 log: App [pm2-npm:1] starting in -fork mode-
2023-11-27T16:39:41: PM2 log: App [pm2-npm:1] online
2023-11-27T16:39:41: PM2 error: Error caught while calling pidusage
2023-11-27T16:39:41: PM2 error: Error: pidusage wmic command exited with code 3221225794
2023-11-27T16:39:41: PM2 log: App [pm2-npm:1] exited with code [3221226091] via signal [SIGINT]
2023-11-27T16:39:41: PM2 log: App [pm2-npm:1] starting in -fork mode-
2023-11-27T16:39:41: PM2 log: App [pm2-npm:1] online
2023-11-27T16:39:41: PM2 log: App [pm2-npm:1] exited with code [3221226091] via signal [SIGINT]
2023-11-27T16:39:41: PM2 log: App [pm2-npm:1] starting in -fork mode-
2023-11-27T16:39:41: PM2 log: App [pm2-npm:1] online
2023-11-27T16:39:41: PM2 log: App [pm2-npm:1] exited with code [3221226091] via signal [SIGINT]
2023-11-27T16:39:41: PM2 log: App [pm2-npm:1] starting in -fork mode-
2023-11-27T16:39:41: PM2 log: App [pm2-npm:1] online
2023-11-27T16:39:41: PM2 log: App [pm2-npm:1] exited with code [3221226091] via signal [SIGINT]
2023-11-27T16:39:42: PM2 log: App [pm2-npm:1] starting in -fork mode-
2023-11-27T16:39:42: PM2 log: App [pm2-npm:1] online
2023-11-27T16:39:42: PM2 log: App [pm2-npm:1] exited with code [3221226091] via signal [SIGINT]
2023-11-27T16:39:42: PM2 log: App [pm2-npm:1] starting in -fork mode-
2023-11-27T16:39:42: PM2 log: App [pm2-npm:1] online
2023-11-27T16:39:42: PM2 log: App [pm2-npm:1] exited with code [3221226091] via signal [SIGINT]
2023-11-27T16:39:42: PM2 log: App [pm2-npm:1] starting in -fork mode-
2023-11-27T16:39:42: PM2 log: App [pm2-npm:1] online
2023-11-27T16:39:42: PM2 log: App [pm2-npm:1] exited with code [3221226091] via signal [SIGINT]
2023-11-27T16:39:42: PM2 log: App [pm2-npm:1] starting in -fork mode-
2023-11-27T16:39:42: PM2 log: App [pm2-npm:1] online
2023-11-27T16:39:42: PM2 log: App [pm2-npm:1] exited with code [3221226091] via signal [SIGINT]
2023-11-27T16:39:42: PM2 log: App [pm2-npm:1] starting in -fork mode-
2023-11-27T16:39:42: PM2 log: App [pm2-npm:1] online
2023-11-27T16:39:42: PM2 log: App [pm2-npm:1] exited with code [3221226091] via signal [SIGINT]
2023-11-27T16:39:42: PM2 log: App [pm2-npm:1] starting in -fork mode-
2023-11-27T16:39:42: PM2 log: App [pm2-npm:1] online
2023-11-27T16:39:42: PM2 log: App [pm2-npm:1] exited with code [3221226091] via signal [SIGINT]
2023-11-27T16:39:42: PM2 log: App [pm2-npm:1] starting in -fork mode-
2023-11-27T16:39:42: PM2 log: App [pm2-npm:1] online
2023-11-27T16:39:42: PM2 log: App [pm2-npm:1] exited with code [3221226091] via signal [SIGINT]
2023-11-27T16:39:42: PM2 log: App [pm2-npm:1] starting in -fork mode-
2023-11-27T16:39:42: PM2 log: App [pm2-npm:1] online
2023-11-27T16:39:42: PM2 log: App [pm2-npm:1] exited with code [3221226091] via signal [SIGINT]
2023-11-27T16:39:42: PM2 log: App [pm2-npm:1] starting in -fork mode-
2023-11-27T16:39:42: PM2 log: App [pm2-npm:1] online
2023-11-27T16:39:42: PM2 log: App [pm2-npm:1] exited with code [3221226091] via signal [SIGINT]
2023-11-27T16:39:42: PM2 log: App [pm2-npm:1] starting in -fork mode-
2023-11-27T16:39:42: PM2 log: App [pm2-npm:1] online
2023-11-27T16:39:42: PM2 log: App [pm2-npm:1] exited with code [3221226091] via signal [SIGINT]
2023-11-27T16:39:42: PM2 log: App [pm2-npm:1] starting in -fork mode-
2023-11-27T16:39:42: PM2 log: App [pm2-npm:1] online
2023-11-27T16:39:42: PM2 log: App [pm2-npm:1] exited with code [3221226091] via signal [SIGINT]
2023-11-27T16:39:42: PM2 log: App [pm2-npm:1] starting in -fork mode-
2023-11-27T16:39:42: PM2 log: App [pm2-npm:1] online
2023-11-27T16:39:42: PM2 log: App [pm2-npm:1] exited with code [3221226091] via signal [SIGINT]
2023-11-27T16:39:42: PM2 log: App [pm2-npm:1] starting in -fork mode-
2023-11-27T16:39:42: PM2 log: App [pm2-npm:1] online
2023-11-27T16:39:42: PM2 log: App [pm2-npm:1] exited with code [3221226091] via signal [SIGINT]
2023-11-27T16:39:42: PM2 log: App [pm2-npm:1] starting in -fork mode-
2023-11-27T16:39:42: PM2 log: App [pm2-npm:1] online
2023-11-27T16:39:42: PM2 log: App [pm2-npm:1] exited with code [3221226091] via signal [SIGINT]
2023-11-27T16:39:42: PM2 log: App [pm2-npm:1] starting in -fork mode-
2023-11-27T16:39:42: PM2 log: App [pm2-npm:1] online
2023-11-27T16:39:42: PM2 log: App [pm2-npm:1] exited with code [3221226091] via signal [SIGINT]
2023-11-27T16:39:42: PM2 log: App [pm2-npm:1] starting in -fork mode-
2023-11-27T16:39:42: PM2 log: App [pm2-npm:1] online
2023-11-27T16:39:42: PM2 log: App [pm2-npm:1] exited with code [3221226091] via signal [SIGINT]
2023-11-27T16:39:42: PM2 log: App [pm2-npm:1] starting in -fork mode-
2023-11-27T16:39:42: PM2 log: App [pm2-npm:1] online
2023-11-27T16:39:42: PM2 log: App [pm2-npm:1] exited with code [3221226091] via signal [SIGINT]
2023-11-27T16:39:42: PM2 log: App [pm2-npm:1] starting in -fork mode-
2023-11-27T16:39:42: PM2 log: App [pm2-npm:1] online
2023-11-27T16:39:42: PM2 log: App [pm2-npm:1] exited with code [3221226091] via signal [SIGINT]
2023-11-27T16:39:42: PM2 log: App [pm2-npm:1] starting in -fork mode-
2023-11-27T16:39:42: PM2 log: App [pm2-npm:1] online
2023-11-27T16:39:42: PM2 log: App [pm2-npm:1] exited with code [3221226091] via signal [SIGINT]
2023-11-27T16:39:42: PM2 log: App [pm2-npm:1] starting in -fork mode-
2023-11-27T16:39:42: PM2 log: App [pm2-npm:1] online
2023-11-27T16:39:42: PM2 log: App [pm2-npm:1] exited with code [3221226091] via signal [SIGINT]
2023-11-27T16:39:42: PM2 log: App [pm2-npm:1] starting in -fork mode-
2023-11-27T16:39:42: PM2 log: App [pm2-npm:1] online
2023-11-27T16:39:42: PM2 log: App [pm2-npm:1] exited with code [3221226091] via signal [SIGINT]
2023-11-27T16:39:42: PM2 log: App [pm2-npm:1] starting in -fork mode-
2023-11-27T16:39:42: PM2 log: App [pm2-npm:1] online
2023-11-27T16:39:42: PM2 log: App [pm2-npm:1] exited with code [3221226091] via signal [SIGINT]
2023-11-27T16:39:42: PM2 log: App [pm2-npm:1] starting in -fork mode-
2023-11-27T16:39:42: PM2 log: App [pm2-npm:1] online
2023-11-27T16:39:42: PM2 log: App [pm2-npm:1] exited with code [3221226091] via signal [SIGINT]
2023-11-27T16:39:42: PM2 log: App [pm2-npm:1] starting in -fork mode-
2023-11-27T16:39:42: PM2 log: App [pm2-npm:1] online
2023-11-27T16:39:42: PM2 log: App [pm2-npm:1] exited with code [3221226091] via signal [SIGINT]
2023-11-27T16:39:42: PM2 log: App [pm2-npm:1] starting in -fork mode-
2023-11-27T16:39:42: PM2 log: App [pm2-npm:1] online
2023-11-27T16:39:42: PM2 log: App [pm2-npm:1] exited with code [3221226091] via signal [SIGINT]
2023-11-27T16:39:42: PM2 log: App [pm2-npm:1] starting in -fork mode-
2023-11-27T16:39:42: PM2 log: App [pm2-npm:1] online
2023-11-27T16:39:42: PM2 log: App [pm2-npm:1] exited with code [3221226091] via signal [SIGINT]
2023-11-27T16:39:42: PM2 log: App [pm2-npm:1] starting in -fork mode-
2023-11-27T16:39:42: PM2 log: App [pm2-npm:1] online
2023-11-27T16:39:42: PM2 log: App [pm2-npm:1] exited with code [3221226091] via signal [SIGINT]
2023-11-27T16:39:42: PM2 log: App [pm2-npm:1] starting in -fork mode-
2023-11-27T16:39:42: PM2 log: App [pm2-npm:1] online
2023-11-27T16:39:42: PM2 log: App [pm2-npm:1] exited with code [3221226091] via signal [SIGINT]
2023-11-27T16:39:42: PM2 log: App [pm2-npm:1] starting in -fork mode-
2023-11-27T16:39:42: PM2 log: App [pm2-npm:1] online
2023-11-27T16:39:42: PM2 log: App [pm2-npm:1] exited with code [3221226091] via signal [SIGINT]
2023-11-27T16:39:42: PM2 log: App [pm2-npm:1] starting in -fork mode-
2023-11-27T16:39:42: PM2 log: App [pm2-npm:1] online
2023-11-27T16:39:42: PM2 log: App [pm2-npm:1] exited with code [3221226091] via signal [SIGINT]
2023-11-27T16:39:42: PM2 log: App [pm2-npm:1] starting in -fork mode-
2023-11-27T16:39:42: PM2 log: App [pm2-npm:1] online
2023-11-27T16:39:42: PM2 log: App [pm2-npm:1] exited with code [3221226091] via signal [SIGINT]
2023-11-27T16:39:42: PM2 log: App [pm2-npm:1] starting in -fork mode-
2023-11-27T16:39:42: PM2 log: App [pm2-npm:1] online
2023-11-27T16:39:42: PM2 log: App [pm2-npm:1] exited with code [3221226091] via signal [SIGINT]
2023-11-27T16:39:42: PM2 log: App [pm2-npm:1] starting in -fork mode-
2023-11-27T16:39:42: PM2 log: App [pm2-npm:1] online
2023-11-27T16:39:42: PM2 log: App [pm2-npm:1] exited with code [3221226091] via signal [SIGINT]
2023-11-27T16:39:42: PM2 log: App [pm2-npm:1] starting in -fork mode-
2023-11-27T16:39:42: PM2 log: App [pm2-npm:1] online
2023-11-27T16:39:42: PM2 log: App [pm2-npm:1] exited with code [3221226091] via signal [SIGINT]
2023-11-27T16:39:42: PM2 log: App [pm2-npm:1] starting in -fork mode-
2023-11-27T16:39:42: PM2 log: App [pm2-npm:1] online
2023-11-27T16:39:42: PM2 log: App [pm2-npm:1] exited with code [3221226091] via signal [SIGINT]
2023-11-27T16:39:42: PM2 log: App [pm2-npm:1] starting in -fork mode-
2023-11-27T16:39:42: PM2 log: App [pm2-npm:1] online
2023-11-27T16:39:42: PM2 log: App [pm2-npm:1] exited with code [3221226091] via signal [SIGINT]
2023-11-27T16:39:42: PM2 log: App [pm2-npm:1] starting in -fork mode-
2023-11-27T16:39:42: PM2 log: App [pm2-npm:1] online
2023-11-27T16:39:42: PM2 log: App [pm2-npm:1] exited with code [3221226091] via signal [SIGINT]
2023-11-27T16:39:42: PM2 log: App [pm2-npm:1] starting in -fork mode-
2023-11-27T16:39:42: PM2 log: App [pm2-npm:1] online
2023-11-27T16:39:42: PM2 log: App [pm2-npm:1] exited with code [3221226091] via signal [SIGINT]
2023-11-27T16:39:42: PM2 log: App [pm2-npm:1] starting in -fork mode-
2023-11-27T16:39:42: PM2 log: App [pm2-npm:1] online
2023-11-27T16:39:42: PM2 log: App [pm2-npm:1] exited with code [3221226091] via signal [SIGINT]
2023-11-27T16:39:42: PM2 log: App [pm2-npm:1] starting in -fork mode-
2023-11-27T16:39:42: PM2 log: App [pm2-npm:1] online
2023-11-27T16:39:42: PM2 log: App [pm2-npm:1] exited with code [3221226091] via signal [SIGINT]
2023-11-27T16:39:42: PM2 log: App [pm2-npm:1] starting in -fork mode-
2023-11-27T16:39:42: PM2 log: App [pm2-npm:1] online
2023-11-27T16:39:42: PM2 log: App [pm2-npm:1] exited with code [3221226091] via signal [SIGINT]
2023-11-27T16:39:42: PM2 log: App [pm2-npm:1] starting in -fork mode-
2023-11-27T16:39:42: PM2 log: App [pm2-npm:1] online
2023-11-27T16:39:42: PM2 log: App [pm2-npm:1] exited with code [3221226091] via signal [SIGINT]
2023-11-27T16:39:42: PM2 log: App [pm2-npm:1] starting in -fork mode-
2023-11-27T16:39:42: PM2 log: App [pm2-npm:1] online
2023-11-27T16:39:42: PM2 log: App [pm2-npm:1] exited with code [3221226091] via signal [SIGINT]
2023-11-27T16:39:42: PM2 log: App [pm2-npm:1] starting in -fork mode-
2023-11-27T16:39:42: PM2 log: App [pm2-npm:1] online
2023-11-27T16:39:42: PM2 log: App [pm2-npm:1] exited with code [3221226091] via signal [SIGINT]
2023-11-27T16:39:42: PM2 log: App [pm2-npm:1] starting in -fork mode-
2023-11-27T16:39:42: PM2 log: App [pm2-npm:1] online
2023-11-27T16:39:42: PM2 log: App [pm2-npm:1] exited with code [3221226091] via signal [SIGINT]
2023-11-27T16:39:42: PM2 log: App [pm2-npm:1] starting in -fork mode-
2023-11-27T16:39:42: PM2 log: App [pm2-npm:1] online
2023-11-27T16:39:42: PM2 log: App [pm2-npm:1] exited with code [3221226091] via signal [SIGINT]
2023-11-27T16:39:42: PM2 log: App [pm2-npm:1] starting in -fork mode-
2023-11-27T16:39:42: PM2 log: App [pm2-npm:1] online
2023-11-27T16:39:42: PM2 log: App [pm2-npm:1] exited with code [3221226091] via signal [SIGINT]
2023-11-27T16:39:42: PM2 log: App [pm2-npm:1] starting in -fork mode-
2023-11-27T16:39:42: PM2 log: App [pm2-npm:1] online
2023-11-27T16:39:42: PM2 log: App [pm2-npm:1] exited with code [3221226091] via signal [SIGINT]
2023-11-27T16:39:42: PM2 log: App [pm2-npm:1] starting in -fork mode-
2023-11-27T16:39:42: PM2 log: App [pm2-npm:1] online
2023-11-27T16:39:42: PM2 log: App [pm2-npm:1] exited with code [3221226091] via signal [SIGINT]
2023-11-27T16:39:42: PM2 log: App [pm2-npm:1] starting in -fork mode-
2023-11-27T16:39:42: PM2 log: App [pm2-npm:1] online
2023-11-27T16:39:42: PM2 log: App [pm2-npm:1] exited with code [3221226091] via signal [SIGINT]
2023-11-27T16:39:42: PM2 log: App [pm2-npm:1] starting in -fork mode-
2023-11-27T16:39:42: PM2 log: App [pm2-npm:1] online
2023-11-27T16:39:42: PM2 log: App [pm2-npm:1] exited with code [3221226091] via signal [SIGINT]
2023-11-27T16:39:42: PM2 log: App [pm2-npm:1] starting in -fork mode-
2023-11-27T16:39:42: PM2 log: App [pm2-npm:1] online
2023-11-27T16:39:42: PM2 log: App [pm2-npm:1] exited with code [3221226091] via signal [SIGINT]
2023-11-27T16:39:42: PM2 log: App [pm2-npm:1] starting in -fork mode-
2023-11-27T16:39:42: PM2 log: App [pm2-npm:1] online
2023-11-27T16:39:42: PM2 log: App [pm2-npm:1] exited with code [3221226091] via signal [SIGINT]
2023-11-27T16:39:42: PM2 log: App [pm2-npm:1] starting in -fork mode-
2023-11-27T16:39:42: PM2 log: App [pm2-npm:1] online
2023-11-27T16:39:42: PM2 log: App [pm2-npm:1] exited with code [3221226091] via signal [SIGINT]
2023-11-27T16:39:42: PM2 log: App [pm2-npm:1] starting in -fork mode-
2023-11-27T16:39:42: PM2 log: App [pm2-npm:1] online
2023-11-27T16:39:42: PM2 log: App [pm2-npm:1] exited with code [3221226091] via signal [SIGINT]
2023-11-27T16:39:42: PM2 log: App [pm2-npm:1] starting in -fork mode-
2023-11-27T16:39:42: PM2 log: App [pm2-npm:1] online
2023-11-27T16:39:42: PM2 log: App [pm2-npm:1] exited with code [3221226091] via signal [SIGINT]
2023-11-27T16:39:42: PM2 log: App [pm2-npm:1] starting in -fork mode-
2023-11-27T16:39:42: PM2 log: App [pm2-npm:1] online
2023-11-27T16:39:42: PM2 log: App [pm2-npm:1] exited with code [3221226091] via signal [SIGINT]
2023-11-27T16:39:42: PM2 log: App [pm2-npm:1] starting in -fork mode-
2023-11-27T16:39:42: PM2 log: App [pm2-npm:1] online
2023-11-27T16:39:42: PM2 log: App [pm2-npm:1] exited with code [3221226091] via signal [SIGINT]
2023-11-27T16:39:42: PM2 log: App [pm2-npm:1] starting in -fork mode-
2023-11-27T16:39:42: PM2 log: App [pm2-npm:1] online
2023-11-27T16:39:42: PM2 log: App [pm2-npm:1] exited with code [3221226091] via signal [SIGINT]
2023-11-27T16:39:42: PM2 log: App [pm2-npm:1] starting in -fork mode-
2023-11-27T16:39:42: PM2 log: App [pm2-npm:1] online
2023-11-27T16:39:42: PM2 error: Error caught while calling pidusage
2023-11-27T16:39:42: PM2 error: Error: pidusage wmic command exited with code 3221225794
2023-11-27T16:39:42: PM2 log: App [pm2-npm:1] exited with code [3221226091] via signal [SIGINT]
2023-11-27T16:39:42: PM2 log: App [pm2-npm:1] starting in -fork mode-
2023-11-27T16:39:42: PM2 log: App [pm2-npm:1] online
2023-11-27T16:39:42: PM2 log: App [pm2-npm:1] exited with code [3221226091] via signal [SIGINT]
2023-11-27T16:39:42: PM2 log: App [pm2-npm:1] starting in -fork mode-
2023-11-27T16:39:42: PM2 log: App [pm2-npm:1] online
2023-11-27T16:39:42: PM2 log: App [pm2-npm:1] exited with code [3221226091] via signal [SIGINT]
2023-11-27T16:39:42: PM2 log: App [pm2-npm:1] starting in -fork mode-
2023-11-27T16:39:42: PM2 log: App [pm2-npm:1] online
2023-11-27T16:39:42: PM2 log: App [pm2-npm:1] exited with code [3221226091] via signal [SIGINT]
2023-11-27T16:39:42: PM2 log: App [pm2-npm:1] starting in -fork mode-
2023-11-27T16:39:43: PM2 log: App [pm2-npm:1] online
2023-11-27T16:39:43: PM2 log: App [pm2-npm:1] exited with code [3221226091] via signal [SIGINT]
2023-11-27T16:39:43: PM2 log: App [pm2-npm:1] starting in -fork mode-
2023-11-27T16:39:43: PM2 log: App [pm2-npm:1] online
2023-11-27T16:39:43: PM2 log: App [pm2-npm:1] exited with code [3221226091] via signal [SIGINT]
2023-11-27T16:39:43: PM2 log: App [pm2-npm:1] starting in -fork mode-
2023-11-27T16:39:43: PM2 log: App [pm2-npm:1] online
2023-11-27T16:39:43: PM2 log: App [pm2-npm:1] exited with code [3221226091] via signal [SIGINT]
2023-11-27T16:39:43: PM2 log: App [pm2-npm:1] starting in -fork mode-
2023-11-27T16:39:43: PM2 log: App [pm2-npm:1] online
2023-11-27T16:39:43: PM2 log: App [pm2-npm:1] exited with code [3221226091] via signal [SIGINT]
2023-11-27T16:39:43: PM2 log: App [pm2-npm:1] starting in -fork mode-
2023-11-27T16:39:43: PM2 log: App [pm2-npm:1] online
2023-11-27T16:39:43: PM2 log: App [pm2-npm:1] exited with code [3221226091] via signal [SIGINT]
2023-11-27T16:39:43: PM2 log: App [pm2-npm:1] starting in -fork mode-
2023-11-27T16:39:43: PM2 log: App [pm2-npm:1] online
2023-11-27T16:39:43: PM2 log: App [pm2-npm:1] exited with code [3221226091] via signal [SIGINT]
2023-11-27T16:39:43: PM2 log: App [pm2-npm:1] starting in -fork mode-
2023-11-27T16:39:43: PM2 log: App [pm2-npm:1] online
2023-11-27T16:39:43: PM2 log: App [pm2-npm:1] exited with code [3221226091] via signal [SIGINT]
2023-11-27T16:39:43: PM2 log: App [pm2-npm:1] starting in -fork mode-
2023-11-27T16:39:43: PM2 log: App [pm2-npm:1] online
2023-11-27T16:39:43: PM2 log: App [pm2-npm:1] exited with code [3221226091] via signal [SIGINT]
2023-11-27T16:39:43: PM2 log: App [pm2-npm:1] starting in -fork mode-
2023-11-27T16:39:43: PM2 log: App [pm2-npm:1] online
2023-11-27T16:39:43: PM2 log: App [pm2-npm:1] exited with code [3221226091] via signal [SIGINT]
2023-11-27T16:39:43: PM2 log: App [pm2-npm:1] starting in -fork mode-
2023-11-27T16:39:43: PM2 log: App [pm2-npm:1] online
2023-11-27T16:39:43: PM2 log: App [pm2-npm:1] exited with code [3221226091] via signal [SIGINT]
2023-11-27T16:39:43: PM2 log: App [pm2-npm:1] starting in -fork mode-
2023-11-27T16:39:43: PM2 log: App [pm2-npm:1] online
2023-11-27T16:39:43: PM2 log: App [pm2-npm:1] exited with code [3221226091] via signal [SIGINT]
2023-11-27T16:39:43: PM2 log: App [pm2-npm:1] starting in -fork mode-
2023-11-27T16:39:43: PM2 log: App [pm2-npm:1] online
2023-11-27T16:39:43: PM2 log: App [pm2-npm:1] exited with code [3221226091] via signal [SIGINT]
2023-11-27T16:39:43: PM2 log: App [pm2-npm:1] starting in -fork mode-
2023-11-27T16:39:43: PM2 log: App [pm2-npm:1] online
2023-11-27T16:39:43: PM2 log: App [pm2-npm:1] exited with code [3221226091] via signal [SIGINT]
2023-11-27T16:39:43: PM2 log: App [pm2-npm:1] starting in -fork mode-
2023-11-27T16:39:43: PM2 log: App [pm2-npm:1] online
2023-11-27T16:39:43: PM2 log: App [pm2-npm:1] exited with code [3221226091] via signal [SIGINT]
2023-11-27T16:39:43: PM2 log: App [pm2-npm:1] starting in -fork mode-
2023-11-27T16:39:43: PM2 log: App [pm2-npm:1] online
2023-11-27T16:39:43: PM2 log: App [pm2-npm:1] exited with code [3221226091] via signal [SIGINT]
2023-11-27T16:39:43: PM2 log: App [pm2-npm:1] starting in -fork mode-
2023-11-27T16:39:43: PM2 log: App [pm2-npm:1] online
2023-11-27T16:39:43: PM2 log: App [pm2-npm:1] exited with code [3221226091] via signal [SIGINT]
2023-11-27T16:39:43: PM2 log: App [pm2-npm:1] starting in -fork mode-
2023-11-27T16:39:43: PM2 log: App [pm2-npm:1] online
2023-11-27T16:39:43: PM2 log: App [pm2-npm:1] exited with code [3221226091] via signal [SIGINT]
2023-11-27T16:39:43: PM2 log: App [pm2-npm:1] starting in -fork mode-
2023-11-27T16:39:43: PM2 log: App [pm2-npm:1] online
2023-11-27T16:39:43: PM2 log: App [pm2-npm:1] exited with code [3221226091] via signal [SIGINT]
2023-11-27T16:39:43: PM2 log: App [pm2-npm:1] starting in -fork mode-
2023-11-27T16:39:43: PM2 log: App [pm2-npm:1] online
2023-11-27T16:39:43: PM2 log: App [pm2-npm:1] exited with code [3221226091] via signal [SIGINT]
2023-11-27T16:39:43: PM2 log: App [pm2-npm:1] starting in -fork mode-
2023-11-27T16:39:43: PM2 log: App [pm2-npm:1] online
2023-11-27T16:39:43: PM2 log: App [pm2-npm:1] exited with code [3221226091] via signal [SIGINT]
2023-11-27T16:39:43: PM2 log: App [pm2-npm:1] starting in -fork mode-
2023-11-27T16:39:43: PM2 log: App [pm2-npm:1] online
2023-11-27T16:39:43: PM2 log: App [pm2-npm:1] exited with code [3221226091] via signal [SIGINT]
2023-11-27T16:39:43: PM2 log: App [pm2-npm:1] starting in -fork mode-
2023-11-27T16:39:43: PM2 log: App [pm2-npm:1] online
2023-11-27T16:39:43: PM2 log: App [pm2-npm:1] exited with code [3221226091] via signal [SIGINT]
2023-11-27T16:39:43: PM2 log: App [pm2-npm:1] starting in -fork mode-
2023-11-27T16:39:43: PM2 log: App [pm2-npm:1] online
2023-11-27T16:39:43: PM2 log: App [pm2-npm:1] exited with code [3221226091] via signal [SIGINT]
2023-11-27T16:39:43: PM2 log: App [pm2-npm:1] starting in -fork mode-
2023-11-27T16:39:43: PM2 log: App [pm2-npm:1] online
2023-11-27T16:39:43: PM2 log: App [pm2-npm:1] exited with code [3221226091] via signal [SIGINT]
2023-11-27T16:39:43: PM2 log: App [pm2-npm:1] starting in -fork mode-
2023-11-27T16:39:43: PM2 log: App [pm2-npm:1] online
2023-11-27T16:39:43: PM2 log: App [pm2-npm:1] exited with code [3221226091] via signal [SIGINT]
2023-11-27T16:39:43: PM2 log: App [pm2-npm:1] starting in -fork mode-
2023-11-27T16:39:43: PM2 log: App [pm2-npm:1] online
2023-11-27T16:39:43: PM2 log: App [pm2-npm:1] exited with code [3221226091] via signal [SIGINT]
2023-11-27T16:39:43: PM2 log: App [pm2-npm:1] starting in -fork mode-
2023-11-27T16:39:43: PM2 log: App [pm2-npm:1] online
2023-11-27T16:39:43: PM2 log: App [pm2-npm:1] exited with code [3221226091] via signal [SIGINT]
2023-11-27T16:39:43: PM2 log: App [pm2-npm:1] starting in -fork mode-
2023-11-27T16:39:43: PM2 log: App [pm2-npm:1] online
2023-11-27T16:39:43: PM2 log: App [pm2-npm:1] exited with code [3221226091] via signal [SIGINT]
2023-11-27T16:39:43: PM2 log: App [pm2-npm:1] starting in -fork mode-
2023-11-27T16:39:43: PM2 log: App [pm2-npm:1] online
2023-11-27T16:39:43: PM2 log: App [pm2-npm:1] exited with code [3221226091] via signal [SIGINT]
2023-11-27T16:39:43: PM2 log: App [pm2-npm:1] starting in -fork mode-
2023-11-27T16:39:43: PM2 log: App [pm2-npm:1] online
2023-11-27T16:39:43: PM2 log: App [pm2-npm:1] exited with code [3221226091] via signal [SIGINT]
2023-11-27T16:39:43: PM2 log: App [pm2-npm:1] starting in -fork mode-
2023-11-27T16:39:43: PM2 log: App [pm2-npm:1] online
2023-11-27T16:39:43: PM2 log: App [pm2-npm:1] exited with code [3221226091] via signal [SIGINT]
2023-11-27T16:39:43: PM2 log: App [pm2-npm:1] starting in -fork mode-
2023-11-27T16:39:43: PM2 log: App [pm2-npm:1] online
2023-11-27T16:39:43: PM2 log: App [pm2-npm:1] exited with code [3221226091] via signal [SIGINT]
2023-11-27T16:39:43: PM2 log: App [pm2-npm:1] starting in -fork mode-
2023-11-27T16:39:43: PM2 log: App [pm2-npm:1] online
2023-11-27T16:39:43: PM2 log: App [pm2-npm:1] exited with code [3221226091] via signal [SIGINT]
2023-11-27T16:39:43: PM2 log: App [pm2-npm:1] starting in -fork mode-
2023-11-27T16:39:43: PM2 log: App [pm2-npm:1] online
2023-11-27T16:39:43: PM2 log: App [pm2-npm:1] exited with code [3221226091] via signal [SIGINT]
2023-11-27T16:39:43: PM2 log: App [pm2-npm:1] starting in -fork mode-
2023-11-27T16:39:43: PM2 log: App [pm2-npm:1] online
2023-11-27T16:39:43: PM2 log: App [pm2-npm:1] exited with code [3221226091] via signal [SIGINT]
2023-11-27T16:39:43: PM2 log: App [pm2-npm:1] starting in -fork mode-
2023-11-27T16:39:43: PM2 log: App [pm2-npm:1] online
2023-11-27T16:39:43: PM2 log: App [pm2-npm:1] exited with code [3221226091] via signal [SIGINT]
2023-11-27T16:39:43: PM2 log: App [pm2-npm:1] starting in -fork mode-
2023-11-27T16:39:43: PM2 log: App [pm2-npm:1] online
2023-11-27T16:39:43: PM2 log: App [pm2-npm:1] exited with code [3221226091] via signal [SIGINT]
2023-11-27T16:39:43: PM2 log: App [pm2-npm:1] starting in -fork mode-
2023-11-27T16:39:43: PM2 log: App [pm2-npm:1] online
2023-11-27T16:39:43: PM2 log: App [pm2-npm:1] exited with code [3221226091] via signal [SIGINT]
2023-11-27T16:39:43: PM2 log: App [pm2-npm:1] starting in -fork mode-
2023-11-27T16:39:43: PM2 log: App [pm2-npm:1] online
2023-11-27T16:39:43: PM2 log: App [pm2-npm:1] exited with code [3221226091] via signal [SIGINT]
2023-11-27T16:39:43: PM2 log: App [pm2-npm:1] starting in -fork mode-
2023-11-27T16:39:43: PM2 log: App [pm2-npm:1] online
2023-11-27T16:39:43: PM2 log: App [pm2-npm:1] exited with code [3221226091] via signal [SIGINT]
2023-11-27T16:39:43: PM2 log: App [pm2-npm:1] starting in -fork mode-
2023-11-27T16:39:43: PM2 log: App [pm2-npm:1] online
2023-11-27T16:39:43: PM2 log: App [pm2-npm:1] exited with code [3221226091] via signal [SIGINT]
2023-11-27T16:39:43: PM2 log: App [pm2-npm:1] starting in -fork mode-
2023-11-27T16:39:43: PM2 log: App [pm2-npm:1] online
2023-11-27T16:39:43: PM2 log: App [pm2-npm:1] exited with code [3221226091] via signal [SIGINT]
2023-11-27T16:39:43: PM2 log: App [pm2-npm:1] starting in -fork mode-
2023-11-27T16:39:43: PM2 log: App [pm2-npm:1] online
2023-11-27T16:39:43: PM2 log: App [pm2-npm:1] exited with code [3221226091] via signal [SIGINT]
2023-11-27T16:39:43: PM2 log: App [pm2-npm:1] starting in -fork mode-
2023-11-27T16:39:43: PM2 log: App [pm2-npm:1] online
2023-11-27T16:39:43: PM2 log: App [pm2-npm:1] exited with code [3221226091] via signal [SIGINT]
2023-11-27T16:39:43: PM2 log: App [pm2-npm:1] starting in -fork mode-
2023-11-27T16:39:43: PM2 log: App [pm2-npm:1] online
2023-11-27T16:39:43: PM2 log: App [pm2-npm:1] exited with code [3221226091] via signal [SIGINT]
2023-11-27T16:39:43: PM2 log: App [pm2-npm:1] starting in -fork mode-
2023-11-27T16:39:43: PM2 log: App [pm2-npm:1] online
2023-11-27T16:39:43: PM2 log: App [pm2-npm:1] exited with code [3221226091] via signal [SIGINT]
2023-11-27T16:39:43: PM2 log: App [pm2-npm:1] starting in -fork mode-
2023-11-27T16:39:43: PM2 log: App [pm2-npm:1] online
2023-11-27T16:39:43: PM2 log: App [pm2-npm:1] exited with code [3221226091] via signal [SIGINT]
2023-11-27T16:39:43: PM2 log: App [pm2-npm:1] starting in -fork mode-
2023-11-27T16:39:43: PM2 log: App [pm2-npm:1] online
2023-11-27T16:39:43: PM2 log: App [pm2-npm:1] exited with code [3221226091] via signal [SIGINT]
2023-11-27T16:39:43: PM2 log: App [pm2-npm:1] starting in -fork mode-
2023-11-27T16:39:43: PM2 log: App [pm2-npm:1] online
2023-11-27T16:39:43: PM2 log: App [pm2-npm:1] exited with code [3221226091] via signal [SIGINT]
2023-11-27T16:39:43: PM2 log: App [pm2-npm:1] starting in -fork mode-
2023-11-27T16:39:43: PM2 log: App [pm2-npm:1] online
2023-11-27T16:39:43: PM2 log: App [pm2-npm:1] exited with code [3221226091] via signal [SIGINT]
2023-11-27T16:39:43: PM2 log: App [pm2-npm:1] starting in -fork mode-
2023-11-27T16:39:43: PM2 log: App [pm2-npm:1] online
2023-11-27T16:39:43: PM2 log: App [pm2-npm:1] exited with code [3221226091] via signal [SIGINT]
2023-11-27T16:39:43: PM2 log: App [pm2-npm:1] starting in -fork mode-
2023-11-27T16:39:43: PM2 log: App [pm2-npm:1] online
2023-11-27T16:39:43: PM2 log: App [pm2-npm:1] exited with code [3221226091] via signal [SIGINT]
2023-11-27T16:39:43: PM2 log: App [pm2-npm:1] starting in -fork mode-
2023-11-27T16:39:43: PM2 log: App [pm2-npm:1] online
2023-11-27T16:39:43: PM2 log: App [pm2-npm:1] exited with code [3221226091] via signal [SIGINT]
2023-11-27T16:39:43: PM2 log: App [pm2-npm:1] starting in -fork mode-
2023-11-27T16:39:43: PM2 log: App [pm2-npm:1] online
2023-11-27T16:39:43: PM2 log: App [pm2-npm:1] exited with code [3221226091] via signal [SIGINT]
2023-11-27T16:39:43: PM2 log: App [pm2-npm:1] starting in -fork mode-
2023-11-27T16:39:43: PM2 log: App [pm2-npm:1] online
2023-11-27T16:39:43: PM2 log: App [pm2-npm:1] exited with code [3221226091] via signal [SIGINT]
2023-11-27T16:39:43: PM2 log: App [pm2-npm:1] starting in -fork mode-
2023-11-27T16:39:43: PM2 log: App [pm2-npm:1] online
2023-11-27T16:39:43: PM2 log: App [pm2-npm:1] exited with code [3221226091] via signal [SIGINT]
2023-11-27T16:39:43: PM2 log: App [pm2-npm:1] starting in -fork mode-
2023-11-27T16:39:43: PM2 log: App [pm2-npm:1] online
2023-11-27T16:39:43: PM2 log: App [pm2-npm:1] exited with code [3221226091] via signal [SIGINT]
2023-11-27T16:39:43: PM2 log: App [pm2-npm:1] starting in -fork mode-
2023-11-27T16:39:43: PM2 log: App [pm2-npm:1] online
2023-11-27T16:39:43: PM2 log: App [pm2-npm:1] exited with code [3221226091] via signal [SIGINT]
2023-11-27T16:39:43: PM2 log: App [pm2-npm:1] starting in -fork mode-
2023-11-27T16:39:43: PM2 log: App [pm2-npm:1] online
2023-11-27T16:39:43: PM2 log: App [pm2-npm:1] exited with code [3221226091] via signal [SIGINT]
2023-11-27T16:39:43: PM2 log: App [pm2-npm:1] starting in -fork mode-
2023-11-27T16:39:43: PM2 log: App [pm2-npm:1] online
2023-11-27T16:39:43: PM2 error: Error caught while calling pidusage
2023-11-27T16:39:43: PM2 error: Error: pidusage wmic command exited with code 3221225794
2023-11-27T16:39:43: PM2 log: App [pm2-npm:1] exited with code [3221226091] via signal [SIGINT]
2023-11-27T16:39:43: PM2 log: App [pm2-npm:1] starting in -fork mode-
2023-11-27T16:39:43: PM2 log: App [pm2-npm:1] online
2023-11-27T16:39:43: PM2 log: App [pm2-npm:1] exited with code [3221226091] via signal [SIGINT]
2023-11-27T16:39:43: PM2 log: App [pm2-npm:1] starting in -fork mode-
2023-11-27T16:39:43: PM2 log: App [pm2-npm:1] online
2023-11-27T16:39:43: PM2 log: App [pm2-npm:1] exited with code [3221226091] via signal [SIGINT]
2023-11-27T16:39:43: PM2 log: App [pm2-npm:1] starting in -fork mode-
2023-11-27T16:39:43: PM2 log: App [pm2-npm:1] online
2023-11-27T16:39:43: PM2 log: App [pm2-npm:1] exited with code [3221226091] via signal [SIGINT]
2023-11-27T16:39:44: PM2 log: App [pm2-npm:1] starting in -fork mode-
2023-11-27T16:39:44: PM2 log: App [pm2-npm:1] online
2023-11-27T16:39:44: PM2 log: App [pm2-npm:1] exited with code [3221226091] via signal [SIGINT]
2023-11-27T16:39:44: PM2 log: App [pm2-npm:1] starting in -fork mode-
2023-11-27T16:39:44: PM2 log: App [pm2-npm:1] online
2023-11-27T16:39:44: PM2 log: App [pm2-npm:1] exited with code [3221226091] via signal [SIGINT]
2023-11-27T16:39:44: PM2 log: App [pm2-npm:1] starting in -fork mode-
2023-11-27T16:39:44: PM2 log: App [pm2-npm:1] online
2023-11-27T16:39:44: PM2 log: App [pm2-npm:1] exited with code [3221226091] via signal [SIGINT]
2023-11-27T16:39:44: PM2 log: App [pm2-npm:1] starting in -fork mode-
2023-11-27T16:39:44: PM2 log: App [pm2-npm:1] online
2023-11-27T16:39:44: PM2 log: App [pm2-npm:1] exited with code [3221226091] via signal [SIGINT]
2023-11-27T16:39:44: PM2 log: App [pm2-npm:1] starting in -fork mode-
2023-11-27T16:39:44: PM2 log: App [pm2-npm:1] online
2023-11-27T16:39:44: PM2 log: App [pm2-npm:1] exited with code [3221226091] via signal [SIGINT]
2023-11-27T16:39:44: PM2 log: App [pm2-npm:1] starting in -fork mode-
2023-11-27T16:39:44: PM2 log: App [pm2-npm:1] online
2023-11-27T16:39:44: PM2 log: App [pm2-npm:1] exited with code [3221226091] via signal [SIGINT]
2023-11-27T16:39:44: PM2 log: App [pm2-npm:1] starting in -fork mode-
2023-11-27T16:39:44: PM2 log: App [pm2-npm:1] online
2023-11-27T16:39:44: PM2 log: App [pm2-npm:1] exited with code [3221226091] via signal [SIGINT]
2023-11-27T16:39:44: PM2 log: App [pm2-npm:1] starting in -fork mode-
2023-11-27T16:39:44: PM2 log: App [pm2-npm:1] online
2023-11-27T16:39:44: PM2 log: App [pm2-npm:1] exited with code [3221226091] via signal [SIGINT]
2023-11-27T16:39:44: PM2 log: App [pm2-npm:1] starting in -fork mode-
2023-11-27T16:39:44: PM2 log: App [pm2-npm:1] online
2023-11-27T16:39:44: PM2 log: App [pm2-npm:1] exited with code [3221226091] via signal [SIGINT]
2023-11-27T16:39:44: PM2 log: App [pm2-npm:1] starting in -fork mode-
2023-11-27T16:39:44: PM2 log: App [pm2-npm:1] online
2023-11-27T16:39:44: PM2 log: App [pm2-npm:1] exited with code [3221226091] via signal [SIGINT]
2023-11-27T16:39:44: PM2 log: App [pm2-npm:1] starting in -fork mode-
2023-11-27T16:39:44: PM2 log: App [pm2-npm:1] online
2023-11-27T16:39:44: PM2 log: App [pm2-npm:1] exited with code [3221226091] via signal [SIGINT]
2023-11-27T16:39:44: PM2 log: App [pm2-npm:1] starting in -fork mode-
2023-11-27T16:39:44: PM2 log: App [pm2-npm:1] online
2023-11-27T16:39:44: PM2 log: App [pm2-npm:1] exited with code [3221226091] via signal [SIGINT]
2023-11-27T16:39:44: PM2 log: App [pm2-npm:1] starting in -fork mode-
2023-11-27T16:39:44: PM2 log: App [pm2-npm:1] online
2023-11-27T16:39:44: PM2 log: App [pm2-npm:1] exited with code [3221226091] via signal [SIGINT]
2023-11-27T16:39:44: PM2 log: App [pm2-npm:1] starting in -fork mode-
2023-11-27T16:39:44: PM2 log: App [pm2-npm:1] online
2023-11-27T16:39:44: PM2 log: App [pm2-npm:1] exited with code [3221226091] via signal [SIGINT]
2023-11-27T16:39:44: PM2 log: App [pm2-npm:1] starting in -fork mode-
2023-11-27T16:39:44: PM2 log: App [pm2-npm:1] online
2023-11-27T16:39:44: PM2 log: App [pm2-npm:1] exited with code [3221226091] via signal [SIGINT]
2023-11-27T16:39:44: PM2 log: App [pm2-npm:1] starting in -fork mode-
2023-11-27T16:39:44: PM2 log: App [pm2-npm:1] online
2023-11-27T16:39:44: PM2 log: App [pm2-npm:1] exited with code [3221226091] via signal [SIGINT]
2023-11-27T16:39:44: PM2 log: App [pm2-npm:1] starting in -fork mode-
2023-11-27T16:39:44: PM2 log: App [pm2-npm:1] online
2023-11-27T16:39:44: PM2 log: App [pm2-npm:1] exited with code [3221226091] via signal [SIGINT]
2023-11-27T16:39:44: PM2 log: App [pm2-npm:1] starting in -fork mode-
2023-11-27T16:39:44: PM2 log: App [pm2-npm:1] online
2023-11-27T16:39:44: PM2 log: App [pm2-npm:1] exited with code [3221226091] via signal [SIGINT]
2023-11-27T16:39:44: PM2 log: App [pm2-npm:1] starting in -fork mode-
2023-11-27T16:39:44: PM2 log: App [pm2-npm:1] online
2023-11-27T16:39:44: PM2 log: App [pm2-npm:1] exited with code [3221226091] via signal [SIGINT]
2023-11-27T16:39:44: PM2 log: App [pm2-npm:1] starting in -fork mode-
2023-11-27T16:39:44: PM2 log: App [pm2-npm:1] online
2023-11-27T16:39:44: PM2 log: App [pm2-npm:1] exited with code [3221226091] via signal [SIGINT]
2023-11-27T16:39:44: PM2 log: App [pm2-npm:1] starting in -fork mode-
2023-11-27T16:39:44: PM2 log: App [pm2-npm:1] online
2023-11-27T16:39:44: PM2 log: App [pm2-npm:1] exited with code [3221226091] via signal [SIGINT]
2023-11-27T16:39:44: PM2 log: App [pm2-npm:1] starting in -fork mode-
2023-11-27T16:39:44: PM2 log: App [pm2-npm:1] online
2023-11-27T16:39:44: PM2 log: App [pm2-npm:1] exited with code [3221226091] via signal [SIGINT]
2023-11-27T16:39:44: PM2 log: App [pm2-npm:1] starting in -fork mode-
2023-11-27T16:39:44: PM2 log: App [pm2-npm:1] online
2023-11-27T16:39:44: PM2 log: App [pm2-npm:1] exited with code [3221226091] via signal [SIGINT]
2023-11-27T16:39:44: PM2 log: App [pm2-npm:1] starting in -fork mode-
2023-11-27T16:39:44: PM2 log: App [pm2-npm:1] online
2023-11-27T16:39:44: PM2 log: App [pm2-npm:1] exited with code [3221226091] via signal [SIGINT]
2023-11-27T16:39:44: PM2 log: App [pm2-npm:1] starting in -fork mode-
2023-11-27T16:39:44: PM2 log: App [pm2-npm:1] online
2023-11-27T16:39:44: PM2 log: App [pm2-npm:1] exited with code [3221226091] via signal [SIGINT]
2023-11-27T16:39:44: PM2 log: App [pm2-npm:1] starting in -fork mode-
2023-11-27T16:39:44: PM2 log: App [pm2-npm:1] online
2023-11-27T16:39:44: PM2 log: App [pm2-npm:1] exited with code [3221226091] via signal [SIGINT]
2023-11-27T16:39:44: PM2 log: App [pm2-npm:1] starting in -fork mode-
2023-11-27T16:39:44: PM2 log: App [pm2-npm:1] online
2023-11-27T16:39:44: PM2 log: App [pm2-npm:1] exited with code [3221226091] via signal [SIGINT]
2023-11-27T16:39:44: PM2 log: App [pm2-npm:1] starting in -fork mode-
2023-11-27T16:39:44: PM2 log: App [pm2-npm:1] online
2023-11-27T16:39:44: PM2 log: App [pm2-npm:1] exited with code [3221226091] via signal [SIGINT]
2023-11-27T16:39:44: PM2 log: App [pm2-npm:1] starting in -fork mode-
2023-11-27T16:39:44: PM2 log: App [pm2-npm:1] online
2023-11-27T16:39:44: PM2 log: App [pm2-npm:1] exited with code [3221226091] via signal [SIGINT]
2023-11-27T16:39:44: PM2 log: App [pm2-npm:1] starting in -fork mode-
2023-11-27T16:39:44: PM2 log: App [pm2-npm:1] online
2023-11-27T16:39:44: PM2 log: App [pm2-npm:1] exited with code [3221226091] via signal [SIGINT]
2023-11-27T16:39:44: PM2 log: App [pm2-npm:1] starting in -fork mode-
2023-11-27T16:39:44: PM2 log: App [pm2-npm:1] online
2023-11-27T16:39:44: PM2 log: App [pm2-npm:1] exited with code [3221226091] via signal [SIGINT]
2023-11-27T16:39:44: PM2 log: App [pm2-npm:1] starting in -fork mode-
2023-11-27T16:39:44: PM2 log: App [pm2-npm:1] online
2023-11-27T16:39:44: PM2 log: App [pm2-npm:1] exited with code [3221226091] via signal [SIGINT]
2023-11-27T16:39:44: PM2 log: App [pm2-npm:1] starting in -fork mode-
2023-11-27T16:39:44: PM2 log: App [pm2-npm:1] online
2023-11-27T16:39:44: PM2 log: App [pm2-npm:1] exited with code [3221226091] via signal [SIGINT]
2023-11-27T16:39:44: PM2 log: App [pm2-npm:1] starting in -fork mode-
2023-11-27T16:39:44: PM2 log: App [pm2-npm:1] online
2023-11-27T16:39:44: PM2 log: App [pm2-npm:1] exited with code [3221226091] via signal [SIGINT]
2023-11-27T16:39:44: PM2 log: App [pm2-npm:1] starting in -fork mode-
2023-11-27T16:39:44: PM2 log: App [pm2-npm:1] online
2023-11-27T16:39:44: PM2 log: App [pm2-npm:1] exited with code [3221226091] via signal [SIGINT]
2023-11-27T16:39:44: PM2 log: App [pm2-npm:1] starting in -fork mode-
2023-11-27T16:39:44: PM2 log: App [pm2-npm:1] online
2023-11-27T16:39:44: PM2 log: App [pm2-npm:1] exited with code [3221226091] via signal [SIGINT]
2023-11-27T16:39:44: PM2 log: App [pm2-npm:1] starting in -fork mode-
2023-11-27T16:39:44: PM2 log: App [pm2-npm:1] online
2023-11-27T16:39:44: PM2 log: App [pm2-npm:1] exited with code [3221226091] via signal [SIGINT]
2023-11-27T16:39:44: PM2 log: App [pm2-npm:1] starting in -fork mode-
2023-11-27T16:39:44: PM2 log: App [pm2-npm:1] online
2023-11-27T16:39:44: PM2 log: App [pm2-npm:1] exited with code [3221226091] via signal [SIGINT]
2023-11-27T16:39:44: PM2 log: App [pm2-npm:1] starting in -fork mode-
2023-11-27T16:39:44: PM2 log: App [pm2-npm:1] online
2023-11-27T16:39:44: PM2 log: App [pm2-npm:1] exited with code [3221226091] via signal [SIGINT]
2023-11-27T16:39:44: PM2 log: App [pm2-npm:1] starting in -fork mode-
2023-11-27T16:39:44: PM2 log: App [pm2-npm:1] online
2023-11-27T16:39:44: PM2 log: App [pm2-npm:1] exited with code [3221226091] via signal [SIGINT]
2023-11-27T16:39:44: PM2 log: App [pm2-npm:1] starting in -fork mode-
2023-11-27T16:39:44: PM2 log: App [pm2-npm:1] online
2023-11-27T16:39:44: PM2 log: App [pm2-npm:1] exited with code [3221226091] via signal [SIGINT]
2023-11-27T16:39:44: PM2 log: App [pm2-npm:1] starting in -fork mode-
2023-11-27T16:39:44: PM2 log: App [pm2-npm:1] online
2023-11-27T16:39:44: PM2 log: App [pm2-npm:1] exited with code [3221226091] via signal [SIGINT]
2023-11-27T16:39:44: PM2 log: App [pm2-npm:1] starting in -fork mode-
2023-11-27T16:39:44: PM2 log: App [pm2-npm:1] online
2023-11-27T16:39:44: PM2 log: App [pm2-npm:1] exited with code [3221226091] via signal [SIGINT]
2023-11-27T16:39:44: PM2 log: App [pm2-npm:1] starting in -fork mode-
2023-11-27T16:39:44: PM2 log: App [pm2-npm:1] online
2023-11-27T16:39:44: PM2 log: App [pm2-npm:1] exited with code [3221226091] via signal [SIGINT]
2023-11-27T16:39:44: PM2 log: App [pm2-npm:1] starting in -fork mode-
2023-11-27T16:39:44: PM2 log: App [pm2-npm:1] online
2023-11-27T16:39:44: PM2 log: App [pm2-npm:1] exited with code [3221226091] via signal [SIGINT]
2023-11-27T16:39:44: PM2 log: App [pm2-npm:1] starting in -fork mode-
2023-11-27T16:39:44: PM2 log: App [pm2-npm:1] online
2023-11-27T16:39:44: PM2 log: App [pm2-npm:1] exited with code [3221226091] via signal [SIGINT]
2023-11-27T16:39:44: PM2 log: App [pm2-npm:1] starting in -fork mode-
2023-11-27T16:39:44: PM2 log: App [pm2-npm:1] online
2023-11-27T16:39:44: PM2 log: App [pm2-npm:1] exited with code [3221226091] via signal [SIGINT]
2023-11-27T16:39:44: PM2 log: App [pm2-npm:1] starting in -fork mode-
2023-11-27T16:39:44: PM2 log: App [pm2-npm:1] online
2023-11-27T16:39:44: PM2 log: App [pm2-npm:1] exited with code [3221226091] via signal [SIGINT]
2023-11-27T16:39:44: PM2 log: App [pm2-npm:1] starting in -fork mode-
2023-11-27T16:39:44: PM2 log: App [pm2-npm:1] online
2023-11-27T16:39:44: PM2 log: App [pm2-npm:1] exited with code [3221226091] via signal [SIGINT]
2023-11-27T16:39:44: PM2 log: App [pm2-npm:1] starting in -fork mode-
2023-11-27T16:39:44: PM2 log: App [pm2-npm:1] online
2023-11-27T16:39:44: PM2 log: App [pm2-npm:1] exited with code [3221226091] via signal [SIGINT]
2023-11-27T16:39:44: PM2 log: App [pm2-npm:1] starting in -fork mode-
2023-11-27T16:39:44: PM2 log: App [pm2-npm:1] online
2023-11-27T16:39:44: PM2 log: App [pm2-npm:1] exited with code [3221226091] via signal [SIGINT]
2023-11-27T16:39:44: PM2 log: App [pm2-npm:1] starting in -fork mode-
2023-11-27T16:39:44: PM2 log: App [pm2-npm:1] online
2023-11-27T16:39:44: PM2 log: App [pm2-npm:1] exited with code [3221226091] via signal [SIGINT]
2023-11-27T16:39:44: PM2 log: App [pm2-npm:1] starting in -fork mode-
2023-11-27T16:39:44: PM2 log: App [pm2-npm:1] online
2023-11-27T16:39:44: PM2 log: App [pm2-npm:1] exited with code [3221226091] via signal [SIGINT]
2023-11-27T16:39:44: PM2 log: App [pm2-npm:1] starting in -fork mode-
2023-11-27T16:39:44: PM2 log: App [pm2-npm:1] online
2023-11-27T16:39:44: PM2 log: App [pm2-npm:1] exited with code [3221226091] via signal [SIGINT]
2023-11-27T16:39:44: PM2 log: App [pm2-npm:1] starting in -fork mode-
2023-11-27T16:39:44: PM2 log: App [pm2-npm:1] online
2023-11-27T16:39:44: PM2 log: App [pm2-npm:1] exited with code [3221226091] via signal [SIGINT]
2023-11-27T16:39:44: PM2 log: App [pm2-npm:1] starting in -fork mode-
2023-11-27T16:39:44: PM2 log: App [pm2-npm:1] online
2023-11-27T16:39:44: PM2 log: App [pm2-npm:1] exited with code [3221226091] via signal [SIGINT]
2023-11-27T16:39:44: PM2 log: App [pm2-npm:1] starting in -fork mode-
2023-11-27T16:39:44: PM2 log: App [pm2-npm:1] online
2023-11-27T16:39:44: PM2 log: App [pm2-npm:1] exited with code [3221226091] via signal [SIGINT]
2023-11-27T16:39:44: PM2 log: App [pm2-npm:1] starting in -fork mode-
2023-11-27T16:39:44: PM2 log: App [pm2-npm:1] online
2023-11-27T16:39:44: PM2 log: App [pm2-npm:1] exited with code [3221226091] via signal [SIGINT]
2023-11-27T16:39:44: PM2 log: App [pm2-npm:1] starting in -fork mode-
2023-11-27T16:39:44: PM2 log: App [pm2-npm:1] online
2023-11-27T16:39:44: PM2 log: App [pm2-npm:1] exited with code [3221226091] via signal [SIGINT]
2023-11-27T16:39:44: PM2 log: App [pm2-npm:1] starting in -fork mode-
2023-11-27T16:39:44: PM2 log: App [pm2-npm:1] online
2023-11-27T16:39:44: PM2 log: App [pm2-npm:1] exited with code [3221226091] via signal [SIGINT]
2023-11-27T16:39:44: PM2 log: App [pm2-npm:1] starting in -fork mode-
2023-11-27T16:39:44: PM2 log: App [pm2-npm:1] online
2023-11-27T16:39:44: PM2 error: Error caught while calling pidusage
2023-11-27T16:39:44: PM2 error: Error: pidusage wmic command exited with code 3221225794
2023-11-27T16:39:44: PM2 log: App [pm2-npm:1] exited with code [3221226091] via signal [SIGINT]
2023-11-27T16:39:44: PM2 log: App [pm2-npm:1] starting in -fork mode-
2023-11-27T16:39:44: PM2 log: App [pm2-npm:1] online
2023-11-27T16:39:44: PM2 log: App [pm2-npm:1] exited with code [3221226091] via signal [SIGINT]
2023-11-27T16:39:44: PM2 log: App [pm2-npm:1] starting in -fork mode-
2023-11-27T16:39:44: PM2 log: App [pm2-npm:1] online
2023-11-27T16:39:44: PM2 log: App [pm2-npm:1] exited with code [3221226091] via signal [SIGINT]
2023-11-27T16:39:44: PM2 log: App [pm2-npm:1] starting in -fork mode-
2023-11-27T16:39:44: PM2 log: App [pm2-npm:1] online
2023-11-27T16:39:44: PM2 log: App [pm2-npm:1] exited with code [3221226091] via signal [SIGINT]
2023-11-27T16:39:45: PM2 log: App [pm2-npm:1] starting in -fork mode-
2023-11-27T16:39:45: PM2 log: App [pm2-npm:1] online
2023-11-27T16:39:45: PM2 log: App [pm2-npm:1] exited with code [3221226091] via signal [SIGINT]
2023-11-27T16:39:45: PM2 log: App [pm2-npm:1] starting in -fork mode-
2023-11-27T16:39:45: PM2 log: App [pm2-npm:1] online
2023-11-27T16:39:45: PM2 log: App [pm2-npm:1] exited with code [3221226091] via signal [SIGINT]
2023-11-27T16:39:45: PM2 log: App [pm2-npm:1] starting in -fork mode-
2023-11-27T16:39:45: PM2 log: App [pm2-npm:1] online
2023-11-27T16:39:45: PM2 log: App [pm2-npm:1] exited with code [3221226091] via signal [SIGINT]
2023-11-27T16:39:45: PM2 log: App [pm2-npm:1] starting in -fork mode-
2023-11-27T16:39:45: PM2 log: App [pm2-npm:1] online
2023-11-27T16:39:45: PM2 log: App [pm2-npm:1] exited with code [3221226091] via signal [SIGINT]
2023-11-27T16:39:45: PM2 log: App [pm2-npm:1] starting in -fork mode-
2023-11-27T16:39:45: PM2 log: App [pm2-npm:1] online
2023-11-27T16:39:45: PM2 log: App [pm2-npm:1] exited with code [3221226091] via signal [SIGINT]
2023-11-27T16:39:45: PM2 log: App [pm2-npm:1] starting in -fork mode-
2023-11-27T16:39:45: PM2 log: App [pm2-npm:1] online
2023-11-27T16:39:45: PM2 log: App [pm2-npm:1] exited with code [3221226091] via signal [SIGINT]
2023-11-27T16:39:45: PM2 log: App [pm2-npm:1] starting in -fork mode-
2023-11-27T16:39:45: PM2 log: App [pm2-npm:1] online
2023-11-27T16:39:45: PM2 log: App [pm2-npm:1] exited with code [3221226091] via signal [SIGINT]
2023-11-27T16:39:45: PM2 log: App [pm2-npm:1] starting in -fork mode-
2023-11-27T16:39:45: PM2 log: App [pm2-npm:1] online
2023-11-27T16:39:45: PM2 log: App [pm2-npm:1] exited with code [3221226091] via signal [SIGINT]
2023-11-27T16:39:45: PM2 log: App [pm2-npm:1] starting in -fork mode-
2023-11-27T16:39:45: PM2 log: App [pm2-npm:1] online
2023-11-27T16:39:45: PM2 log: App [pm2-npm:1] exited with code [3221226091] via signal [SIGINT]
2023-11-27T16:39:45: PM2 log: App [pm2-npm:1] starting in -fork mode-
2023-11-27T16:39:45: PM2 log: App [pm2-npm:1] online
2023-11-27T16:39:45: PM2 log: App [pm2-npm:1] exited with code [3221226091] via signal [SIGINT]
2023-11-27T16:39:45: PM2 log: App [pm2-npm:1] starting in -fork mode-
2023-11-27T16:39:45: PM2 log: App [pm2-npm:1] online
2023-11-27T16:39:45: PM2 log: App [pm2-npm:1] exited with code [3221226091] via signal [SIGINT]
2023-11-27T16:39:45: PM2 log: App [pm2-npm:1] starting in -fork mode-
2023-11-27T16:39:45: PM2 log: App [pm2-npm:1] online
2023-11-27T16:39:45: PM2 log: App [pm2-npm:1] exited with code [3221226091] via signal [SIGINT]
2023-11-27T16:39:45: PM2 log: App [pm2-npm:1] starting in -fork mode-
2023-11-27T16:39:45: PM2 log: App [pm2-npm:1] online
2023-11-27T16:39:45: PM2 log: App [pm2-npm:1] exited with code [3221226091] via signal [SIGINT]
2023-11-27T16:39:45: PM2 log: App [pm2-npm:1] starting in -fork mode-
2023-11-27T16:39:45: PM2 log: App [pm2-npm:1] online
2023-11-27T16:39:45: PM2 log: App [pm2-npm:1] exited with code [3221226091] via signal [SIGINT]
2023-11-27T16:39:45: PM2 log: App [pm2-npm:1] starting in -fork mode-
2023-11-27T16:39:45: PM2 log: App [pm2-npm:1] online
2023-11-27T16:39:45: PM2 log: App [pm2-npm:1] exited with code [3221226091] via signal [SIGINT]
2023-11-27T16:39:45: PM2 log: App [pm2-npm:1] starting in -fork mode-
2023-11-27T16:39:45: PM2 log: App [pm2-npm:1] online
2023-11-27T16:39:45: PM2 log: App [pm2-npm:1] exited with code [3221226091] via signal [SIGINT]
2023-11-27T16:39:45: PM2 log: App [pm2-npm:1] starting in -fork mode-
2023-11-27T16:39:45: PM2 log: App [pm2-npm:1] online
2023-11-27T16:39:45: PM2 log: App [pm2-npm:1] exited with code [3221226091] via signal [SIGINT]
2023-11-27T16:39:45: PM2 log: App [pm2-npm:1] starting in -fork mode-
2023-11-27T16:39:45: PM2 log: App [pm2-npm:1] online
2023-11-27T16:39:45: PM2 log: App [pm2-npm:1] exited with code [3221226091] via signal [SIGINT]
2023-11-27T16:39:45: PM2 log: App [pm2-npm:1] starting in -fork mode-
2023-11-27T16:39:45: PM2 log: App [pm2-npm:1] online
2023-11-27T16:39:45: PM2 log: App [pm2-npm:1] exited with code [3221226091] via signal [SIGINT]
2023-11-27T16:39:45: PM2 log: App [pm2-npm:1] starting in -fork mode-
2023-11-27T16:39:45: PM2 log: App [pm2-npm:1] online
2023-11-27T16:39:45: PM2 log: App [pm2-npm:1] exited with code [3221226091] via signal [SIGINT]
2023-11-27T16:39:45: PM2 log: App [pm2-npm:1] starting in -fork mode-
2023-11-27T16:39:45: PM2 log: App [pm2-npm:1] online
2023-11-27T16:39:45: PM2 log: App [pm2-npm:1] exited with code [3221226091] via signal [SIGINT]
2023-11-27T16:39:45: PM2 log: App [pm2-npm:1] starting in -fork mode-
2023-11-27T16:39:45: PM2 log: App [pm2-npm:1] online
2023-11-27T16:39:45: PM2 log: App [pm2-npm:1] exited with code [3221226091] via signal [SIGINT]
2023-11-27T16:39:45: PM2 log: App [pm2-npm:1] starting in -fork mode-
2023-11-27T16:39:45: PM2 log: App [pm2-npm:1] online
2023-11-27T16:39:45: PM2 log: App [pm2-npm:1] exited with code [3221226091] via signal [SIGINT]
2023-11-27T16:39:45: PM2 log: App [pm2-npm:1] starting in -fork mode-
2023-11-27T16:39:45: PM2 log: App [pm2-npm:1] online
2023-11-27T16:39:45: PM2 log: App [pm2-npm:1] exited with code [3221226091] via signal [SIGINT]
2023-11-27T16:39:45: PM2 log: App [pm2-npm:1] starting in -fork mode-
2023-11-27T16:39:45: PM2 log: App [pm2-npm:1] online
2023-11-27T16:39:45: PM2 log: App [pm2-npm:1] exited with code [3221226091] via signal [SIGINT]
2023-11-27T16:39:45: PM2 log: App [pm2-npm:1] starting in -fork mode-
2023-11-27T16:39:45: PM2 log: App [pm2-npm:1] online
2023-11-27T16:39:45: PM2 log: App [pm2-npm:1] exited with code [3221226091] via signal [SIGINT]
2023-11-27T16:39:45: PM2 log: App [pm2-npm:1] starting in -fork mode-
2023-11-27T16:39:45: PM2 log: App [pm2-npm:1] online
2023-11-27T16:39:45: PM2 log: App [pm2-npm:1] exited with code [3221226091] via signal [SIGINT]
2023-11-27T16:39:45: PM2 log: App [pm2-npm:1] starting in -fork mode-
2023-11-27T16:39:45: PM2 log: App [pm2-npm:1] online
2023-11-27T16:39:45: PM2 log: App [pm2-npm:1] exited with code [3221226091] via signal [SIGINT]
2023-11-27T16:39:45: PM2 log: App [pm2-npm:1] starting in -fork mode-
2023-11-27T16:39:45: PM2 log: App [pm2-npm:1] online
2023-11-27T16:39:45: PM2 log: App [pm2-npm:1] exited with code [3221226091] via signal [SIGINT]
2023-11-27T16:39:45: PM2 log: App [pm2-npm:1] starting in -fork mode-
2023-11-27T16:39:45: PM2 log: App [pm2-npm:1] online
2023-11-27T16:39:45: PM2 log: App [pm2-npm:1] exited with code [3221226091] via signal [SIGINT]
2023-11-27T16:39:45: PM2 log: App [pm2-npm:1] starting in -fork mode-
2023-11-27T16:39:45: PM2 log: App [pm2-npm:1] online
2023-11-27T16:39:45: PM2 log: App [pm2-npm:1] exited with code [3221226091] via signal [SIGINT]
2023-11-27T16:39:45: PM2 log: App [pm2-npm:1] starting in -fork mode-
2023-11-27T16:39:45: PM2 log: App [pm2-npm:1] online
2023-11-27T16:39:45: PM2 log: App [pm2-npm:1] exited with code [3221226091] via signal [SIGINT]
2023-11-27T16:39:45: PM2 log: App [pm2-npm:1] starting in -fork mode-
2023-11-27T16:39:45: PM2 log: App [pm2-npm:1] online
2023-11-27T16:39:45: PM2 log: App [pm2-npm:1] exited with code [3221226091] via signal [SIGINT]
2023-11-27T16:39:45: PM2 log: App [pm2-npm:1] starting in -fork mode-
2023-11-27T16:39:45: PM2 log: App [pm2-npm:1] online
2023-11-27T16:39:45: PM2 log: App [pm2-npm:1] exited with code [3221226091] via signal [SIGINT]
2023-11-27T16:39:45: PM2 log: App [pm2-npm:1] starting in -fork mode-
2023-11-27T16:39:45: PM2 log: App [pm2-npm:1] online
2023-11-27T16:39:45: PM2 log: App [pm2-npm:1] exited with code [3221226091] via signal [SIGINT]
2023-11-27T16:39:45: PM2 log: App [pm2-npm:1] starting in -fork mode-
2023-11-27T16:39:45: PM2 log: App [pm2-npm:1] online
2023-11-27T16:39:45: PM2 log: App [pm2-npm:1] exited with code [3221226091] via signal [SIGINT]
2023-11-27T16:39:45: PM2 log: App [pm2-npm:1] starting in -fork mode-
2023-11-27T16:39:45: PM2 log: App [pm2-npm:1] online
2023-11-27T16:39:45: PM2 log: App [pm2-npm:1] exited with code [3221226091] via signal [SIGINT]
2023-11-27T16:39:45: PM2 log: App [pm2-npm:1] starting in -fork mode-
2023-11-27T16:39:45: PM2 log: App [pm2-npm:1] online
2023-11-27T16:39:45: PM2 log: App [pm2-npm:1] exited with code [3221226091] via signal [SIGINT]
2023-11-27T16:39:45: PM2 log: App [pm2-npm:1] starting in -fork mode-
2023-11-27T16:39:45: PM2 log: App [pm2-npm:1] online
2023-11-27T16:39:45: PM2 log: App [pm2-npm:1] exited with code [3221226091] via signal [SIGINT]
2023-11-27T16:39:45: PM2 log: App [pm2-npm:1] starting in -fork mode-
2023-11-27T16:39:45: PM2 log: App [pm2-npm:1] online
2023-11-27T16:39:45: PM2 log: App [pm2-npm:1] exited with code [3221226091] via signal [SIGINT]
2023-11-27T16:39:45: PM2 log: App [pm2-npm:1] starting in -fork mode-
2023-11-27T16:39:45: PM2 log: App [pm2-npm:1] online
2023-11-27T16:39:45: PM2 log: App [pm2-npm:1] exited with code [3221226091] via signal [SIGINT]
2023-11-27T16:39:45: PM2 log: App [pm2-npm:1] starting in -fork mode-
2023-11-27T16:39:45: PM2 log: App [pm2-npm:1] online
2023-11-27T16:39:45: PM2 log: App [pm2-npm:1] exited with code [3221226091] via signal [SIGINT]
2023-11-27T16:39:45: PM2 log: App [pm2-npm:1] starting in -fork mode-
2023-11-27T16:39:45: PM2 log: App [pm2-npm:1] online
2023-11-27T16:39:45: PM2 log: App [pm2-npm:1] exited with code [3221226091] via signal [SIGINT]
2023-11-27T16:39:45: PM2 log: App [pm2-npm:1] starting in -fork mode-
2023-11-27T16:39:45: PM2 log: App [pm2-npm:1] online
2023-11-27T16:39:45: PM2 log: App [pm2-npm:1] exited with code [3221226091] via signal [SIGINT]
2023-11-27T16:39:45: PM2 log: App [pm2-npm:1] starting in -fork mode-
2023-11-27T16:39:45: PM2 log: App [pm2-npm:1] online
2023-11-27T16:39:45: PM2 log: App [pm2-npm:1] exited with code [3221226091] via signal [SIGINT]
2023-11-27T16:39:45: PM2 log: App [pm2-npm:1] starting in -fork mode-
2023-11-27T16:39:45: PM2 log: App [pm2-npm:1] online
2023-11-27T16:39:45: PM2 log: App [pm2-npm:1] exited with code [3221226091] via signal [SIGINT]
2023-11-27T16:39:45: PM2 log: App [pm2-npm:1] starting in -fork mode-
2023-11-27T16:39:45: PM2 log: App [pm2-npm:1] online
2023-11-27T16:39:45: PM2 log: App [pm2-npm:1] exited with code [3221226091] via signal [SIGINT]
2023-11-27T16:39:45: PM2 log: App [pm2-npm:1] starting in -fork mode-
2023-11-27T16:39:45: PM2 log: App [pm2-npm:1] online
2023-11-27T16:39:45: PM2 log: App [pm2-npm:1] exited with code [3221226091] via signal [SIGINT]
2023-11-27T16:39:45: PM2 log: App [pm2-npm:1] starting in -fork mode-
2023-11-27T16:39:45: PM2 log: App [pm2-npm:1] online
2023-11-27T16:39:45: PM2 log: App [pm2-npm:1] exited with code [3221226091] via signal [SIGINT]
2023-11-27T16:39:45: PM2 log: App [pm2-npm:1] starting in -fork mode-
2023-11-27T16:39:45: PM2 log: App [pm2-npm:1] online
2023-11-27T16:39:45: PM2 log: App [pm2-npm:1] exited with code [3221226091] via signal [SIGINT]
2023-11-27T16:39:45: PM2 log: App [pm2-npm:1] starting in -fork mode-
2023-11-27T16:39:45: PM2 log: App [pm2-npm:1] online
2023-11-27T16:39:45: PM2 log: App [pm2-npm:1] exited with code [3221226091] via signal [SIGINT]
2023-11-27T16:39:45: PM2 log: App [pm2-npm:1] starting in -fork mode-
2023-11-27T16:39:45: PM2 log: App [pm2-npm:1] online
2023-11-27T16:39:45: PM2 log: App [pm2-npm:1] exited with code [3221226091] via signal [SIGINT]
2023-11-27T16:39:45: PM2 log: App [pm2-npm:1] starting in -fork mode-
2023-11-27T16:39:45: PM2 log: App [pm2-npm:1] online
2023-11-27T16:39:45: PM2 log: App [pm2-npm:1] exited with code [3221226091] via signal [SIGINT]
2023-11-27T16:39:45: PM2 log: App [pm2-npm:1] starting in -fork mode-
2023-11-27T16:39:45: PM2 log: App [pm2-npm:1] online
2023-11-27T16:39:45: PM2 log: App [pm2-npm:1] exited with code [3221226091] via signal [SIGINT]
2023-11-27T16:39:45: PM2 log: App [pm2-npm:1] starting in -fork mode-
2023-11-27T16:39:45: PM2 log: App [pm2-npm:1] online
2023-11-27T16:39:45: PM2 log: App [pm2-npm:1] exited with code [3221226091] via signal [SIGINT]
2023-11-27T16:39:45: PM2 log: App [pm2-npm:1] starting in -fork mode-
2023-11-27T16:41:44: PM2 log: ===============================================================================
2023-11-27T16:41:44: PM2 log: --- New PM2 Daemon started ----------------------------------------------------
2023-11-27T16:41:44: PM2 log: Time                 : Mon Nov 27 2023 16:41:44 GMT-0500 (Eastern Standard Time)
2023-11-27T16:41:44: PM2 log: PM2 version          : 5.3.0
2023-11-27T16:41:44: PM2 log: Node.js version      : 20.10.0
2023-11-27T16:41:44: PM2 log: Current arch         : x64
2023-11-27T16:41:44: PM2 log: PM2 home             : xxx/.pm2
2023-11-27T16:41:44: PM2 log: PM2 PID file         : C:\Users\mecia\Desktop\openspace_reward_bot2\wax-nftsale-bot\xxx\.pm2\pm2.pid
2023-11-27T16:41:44: PM2 log: RPC socket file      : \\.\pipe\rpc.sock
2023-11-27T16:41:44: PM2 log: BUS socket file      : \\.\pipe\pub.sock
2023-11-27T16:41:44: PM2 log: Application log path : C:\Users\mecia\Desktop\openspace_reward_bot2\wax-nftsale-bot\xxx\.pm2\logs
2023-11-27T16:41:44: PM2 log: Worker Interval      : 30000
2023-11-27T16:41:44: PM2 log: Process dump file    : C:\Users\mecia\Desktop\openspace_reward_bot2\wax-nftsale-bot\xxx\.pm2\dump.pm2
2023-11-27T16:41:44: PM2 log: Concurrent actions   : 2
2023-11-27T16:41:44: PM2 log: SIGTERM timeout      : 1600
2023-11-27T16:41:44: PM2 log: ===============================================================================
2023-11-27T16:41:45: PM2 log: App [pm2-npm:0] starting in -fork mode-
2023-11-27T16:41:45: PM2 log: App [pm2-npm:0] online
2023-11-27T16:42:03: PM2 log: App [pm2-npm:1] starting in -fork mode-
2023-11-27T16:42:03: PM2 log: App [pm2-npm:1] online
2023-11-30T00:59:29: PM2 error: Error caught while calling pidusage
2023-11-30T00:59:29: PM2 error: Error: pidusage wmic command exited with code 3221225794
2023-11-30T00:59:29: PM2 error: Error caught while calling pidusage
2023-11-30T00:59:29: PM2 error: Error: pidusage wmic command exited with code 3221225794
2023-11-30T00:59:30: PM2 error: Error caught while calling pidusage
2023-11-30T00:59:30: PM2 error: Error: pidusage wmic command exited with code 3221225794
